<?xml version="1.0" encoding="UTF-8"?>
<!-- Generated by org.testng.reporters.JUnitXMLReporter -->
<testsuite ignored="1" hostname="DESKTOP-7MLJB30" failures="0" tests="3" name="Default test" time="0.039" errors="0" timestamp="2022-07-19T10:35:00 IST">
  <testcase classname="mvnproject.practicemvn" name="test" time="0.006"/>
  <testcase classname="mvnproject.practicemvn" name="test2" time="0.001"/>
  <testcase classname="mvnproject.practicemvn" name="test1" time="0.001"/>
  <testcase classname="mvnproject.practicemvn" name="test3" time="0.0">
    <ignored/>
  </testcase> <!-- test3 -->
</testsuite> <!-- Default test -->
