<?xml version="1.0" encoding="UTF-8"?>
<!-- Generated by org.testng.reporters.JUnitXMLReporter -->
<testsuite ignored="0" hostname="DESKTOP-7MLJB30" failures="0" tests="4" name="Default test" time="0.061" errors="0" timestamp="2022-07-20T13:09:27 IST">
  <testcase classname="mvnproject.practicemvn" name="test" time="0.007"/>
  <testcase classname="mvnproject.practicemvn" name="test2" time="0.001"/>
  <testcase classname="mvnproject.practicemvn" name="test3" time="0.001"/>
  <testcase classname="mvnproject.practicemvn" name="test1" time="0.0"/>
</testsuite> <!-- Default test -->
